<?xml version="1.0" encoding="UTF-8"?>
<beans xmlns="http://www.springframework.org/schema/beans"
       xmlns:xsi="http://www.w3.org/2001/XMLSchema-instance"
       xmlns:context="http://www.springframework.org/schema/context"
       xmlns:aop="http://www.springframework.org/schema/aop"
       xmlns:int="http://www.springframework.org/schema/integration"
       xmlns:util="http://www.springframework.org/schema/util"
       xsi:schemaLocation="http://www.springframework.org/schema/beans
		http://www.springframework.org/schema/beans/spring-beans-3.0.xsd
		http://www.springframework.org/schema/context
		http://www.springframework.org/schema/context/spring-context.xsd
		http://www.springframework.org/schema/aop
		http://www.springframework.org/schema/aop/spring-aop.xsd
		http://www.springframework.org/schema/integration
		http://www.springframework.org/schema/integration/spring-integration.xsd
		http://www.springframework.org/schema/util
		http://www.springframework.org/schema/util/spring-util.xsd">


    <aop:aspectj-autoproxy proxy-target-class="true"/>
    <context:component-scan base-package="com.hs.whocan.json" />
    <context:component-scan base-package="com.hs.whocan.exception" />

    <util:properties id="messages" location="classpath:META-INF/messages.properties" />
    <bean class="com.hs.whocan.service.ValidatorService"/>

    <int:map-to-object-transformer input-channel="json.apitest" ref="jsonApiTestService"/>

    <import resource="classpath:/META-INF/whocan-api-json.xml"/>
</beans>